TN:
SF:src\constants\routes.js
FN:13,(anonymous_0)
FNF:1
FNH:1
FNDA:57,(anonymous_0)
DA:6,6
DA:13,6
DA:14,57
DA:16,13
DA:18,25
DA:20,6
DA:22,12
DA:24,1
LF:8
LH:8
BRDA:14,0,0,13
BRDA:14,0,1,25
BRDA:14,0,2,6
BRDA:14,0,3,12
BRDA:14,0,4,1
BRF:5
BRH:5
end_of_record
TN:
SF:src\constants\usersTest.js
FNF:0
FNH:0
LF:0
LH:0
BRF:0
BRH:0
end_of_record
TN:
SF:src\containers\Bills.js
FN:6,(anonymous_0)
FN:17,(anonymous_1)
FN:18,(anonymous_2)
FN:23,(anonymous_3)
FN:27,(anonymous_4)
FN:38,(anonymous_5)
FN:43,(anonymous_6)
FN:46,(anonymous_7)
FN:48,(anonymous_8)
FNF:9
FNH:7
FNDA:32,(anonymous_0)
FNDA:64,(anonymous_1)
FNDA:0,(anonymous_2)
FNDA:1,(anonymous_3)
FNDA:0,(anonymous_4)
FNDA:16,(anonymous_5)
FNDA:14,(anonymous_6)
FNDA:84,(anonymous_7)
FNDA:56,(anonymous_8)
DA:7,32
DA:8,32
DA:9,32
DA:10,32
DA:13,32
DA:14,15
DA:15,32
DA:16,32
DA:17,32
DA:18,64
DA:20,32
DA:23,32
DA:24,1
DA:27,32
DA:28,0
DA:29,0
DA:30,0
DA:35,0
DA:38,32
DA:39,16
DA:40,16
DA:45,14
DA:46,84
DA:48,14
DA:49,56
DA:50,56
DA:58,0
DA:59,0
DA:66,14
DA:69,14
LF:30
LH:24
BRDA:13,0,0,15
BRDA:13,0,1,17
BRDA:16,1,0,32
BRDA:16,1,1,0
BRDA:39,2,0,16
BRDA:39,2,1,0
BRF:6
BRH:4
end_of_record
TN:
SF:src\containers\Dashboard.js
FN:8,(anonymous_0)
FN:10,(anonymous_1)
FN:30,(anonymous_2)
FN:59,(anonymous_3)
FN:60,(anonymous_4)
FN:63,(anonymous_5)
FN:75,(anonymous_6)
FN:79,(anonymous_7)
FN:80,(anonymous_8)
FN:81,(anonymous_9)
FN:85,(anonymous_10)
FN:97,(anonymous_11)
FN:101,(anonymous_12)
FN:118,(anonymous_13)
FN:119,(anonymous_14)
FN:122,(anonymous_15)
FN:133,(anonymous_16)
FN:144,(anonymous_17)
FN:162,(anonymous_18)
FN:163,(anonymous_19)
FN:171,(anonymous_20)
FN:176,(anonymous_21)
FN:177,(anonymous_22)
FN:185,(anonymous_23)
FNF:24
FNH:19
FNDA:54,(anonymous_0)
FNDA:144,(anonymous_1)
FNDA:6,(anonymous_2)
FNDA:6,(anonymous_3)
FNDA:6,(anonymous_4)
FNDA:15,(anonymous_5)
FNDA:14,(anonymous_6)
FNDA:0,(anonymous_7)
FNDA:0,(anonymous_8)
FNDA:0,(anonymous_9)
FNDA:1,(anonymous_10)
FNDA:3,(anonymous_11)
FNDA:8,(anonymous_12)
FNDA:0,(anonymous_13)
FNDA:0,(anonymous_14)
FNDA:1,(anonymous_15)
FNDA:1,(anonymous_16)
FNDA:5,(anonymous_17)
FNDA:6,(anonymous_18)
FNDA:3,(anonymous_19)
FNDA:5,(anonymous_20)
FNDA:3,(anonymous_21)
FNDA:12,(anonymous_22)
FNDA:2,(anonymous_23)
DA:8,6
DA:9,54
DA:14,144
DA:15,144
DA:20,0
DA:25,144
DA:30,6
DA:31,6
DA:32,6
DA:35,6
DA:39,6
DA:59,6
DA:60,6
DA:63,6
DA:64,15
DA:66,9
DA:68,3
DA:70,3
DA:76,14
DA:77,14
DA:78,14
DA:79,14
DA:80,14
DA:81,14
DA:82,14
DA:85,14
DA:86,1
DA:87,1
DA:88,1
DA:93,1
DA:94,0
DA:98,3
DA:99,3
DA:100,3
DA:101,2
DA:102,8
DA:104,2
DA:105,2
DA:106,2
DA:107,2
DA:109,1
DA:111,1
DA:114,1
DA:115,1
DA:117,3
DA:118,3
DA:119,3
DA:122,14
DA:123,1
DA:128,1
DA:129,1
DA:133,14
DA:134,1
DA:139,1
DA:140,1
DA:145,5
DA:146,5
DA:147,5
DA:148,5
DA:149,5
DA:152,5
DA:154,0
DA:155,0
DA:156,0
DA:160,5
DA:161,5
DA:162,5
DA:163,6
DA:164,3
DA:168,5
DA:171,14
DA:172,5
DA:173,5
DA:177,12
DA:183,3
DA:186,2
LF:76
LH:71
BRDA:9,0,0,36
BRDA:9,0,1,18
BRDA:9,1,0,54
BRDA:9,1,1,36
BRDA:14,2,0,144
BRDA:14,2,1,0
BRDA:21,3,0,0
BRDA:21,3,1,0
BRDA:32,4,0,0
BRDA:32,4,1,6
BRDA:35,5,0,0
BRDA:35,5,1,6
BRDA:60,6,0,5
BRDA:60,6,1,1
BRDA:60,7,0,6
BRDA:60,7,1,6
BRDA:64,8,0,9
BRDA:64,8,1,3
BRDA:64,8,2,3
BRDA:93,9,0,0
BRDA:93,9,1,1
BRDA:98,10,0,2
BRDA:98,10,1,1
BRDA:98,11,0,3
BRDA:98,11,1,3
BRDA:99,12,0,2
BRDA:99,12,1,1
BRDA:99,13,0,3
BRDA:99,13,1,1
BRDA:100,14,0,2
BRDA:100,14,1,1
BRDA:145,15,0,5
BRDA:145,15,1,0
BRDA:145,16,0,5
BRDA:145,16,1,2
BRDA:146,17,0,5
BRDA:146,17,1,0
BRDA:146,18,0,5
BRDA:146,18,1,2
BRDA:147,19,0,5
BRDA:147,19,1,0
BRDA:172,20,0,5
BRDA:172,20,1,0
BRF:43
BRH:33
end_of_record
TN:
SF:src\containers\Login.js
FN:6,(anonymous_0)
FN:27,(anonymous_1)
FN:40,(anonymous_2)
FN:41,(anonymous_3)
FN:50,(anonymous_4)
FN:63,(anonymous_5)
FN:64,(anonymous_6)
FN:73,(anonymous_7)
FN:82,(anonymous_8)
FN:91,(anonymous_9)
FN:103,(anonymous_10)
FNF:11
FNH:5
FNDA:5,(anonymous_0)
FNDA:2,(anonymous_1)
FNDA:0,(anonymous_2)
FNDA:2,(anonymous_3)
FNDA:2,(anonymous_4)
FNDA:0,(anonymous_5)
FNDA:2,(anonymous_6)
FNDA:0,(anonymous_7)
FNDA:0,(anonymous_8)
FNDA:0,(anonymous_9)
FNDA:0,(anonymous_10)
DA:2,4
DA:13,5
DA:14,5
DA:15,5
DA:16,5
DA:17,5
DA:18,5
DA:21,5
DA:22,5
DA:25,5
DA:27,5
DA:28,2
DA:29,2
DA:38,2
DA:39,2
DA:40,0
DA:42,2
DA:43,2
DA:44,2
DA:45,2
DA:50,5
DA:51,2
DA:52,2
DA:61,2
DA:62,2
DA:63,0
DA:65,2
DA:66,2
DA:67,2
DA:68,2
DA:73,5
DA:74,0
DA:75,0
DA:83,0
DA:86,0
DA:91,5
DA:92,0
DA:93,0
DA:104,0
DA:105,0
DA:108,0
LF:41
LH:30
BRDA:74,0,0,0
BRDA:74,0,1,0
BRDA:92,1,0,0
BRDA:92,1,1,0
BRF:4
BRH:0
end_of_record
TN:
SF:src\containers\Logout.js
FN:4,(anonymous_0)
FN:11,(anonymous_1)
FNF:2
FNH:2
FNDA:53,(anonymous_0)
FNDA:2,(anonymous_1)
DA:5,53
DA:6,53
DA:7,53
DA:8,53
DA:11,53
DA:12,2
DA:13,2
LF:7
LH:7
BRF:0
BRH:0
end_of_record
TN:
SF:src\containers\NewBill.js
FN:5,(anonymous_0)
FN:20,(anonymous_1)
FN:48,(anonymous_2)
FN:53,(anonymous_3)
FN:56,(anonymous_4)
FN:87,(anonymous_5)
FN:92,(anonymous_6)
FN:95,(anonymous_7)
FNF:8
FNH:5
FNDA:6,(anonymous_0)
FNDA:2,(anonymous_1)
FNDA:0,(anonymous_2)
FNDA:0,(anonymous_3)
FNDA:6,(anonymous_4)
FNDA:6,(anonymous_5)
FNDA:6,(anonymous_6)
FNDA:0,(anonymous_7)
DA:6,6
DA:7,6
DA:8,6
DA:9,6
DA:12,6
DA:13,6
DA:14,6
DA:15,6
DA:16,6
DA:17,6
DA:18,6
DA:20,6
DA:21,2
DA:22,2
DA:24,2
DA:25,2
DA:26,2
DA:27,2
DA:28,2
DA:29,2
DA:30,2
DA:31,2
DA:32,2
DA:34,2
DA:35,2
DA:37,2
DA:39,0
DA:40,0
DA:49,0
DA:50,0
DA:51,0
DA:53,0
DA:56,6
DA:57,6
DA:58,6
DA:62,6
DA:63,6
DA:81,6
DA:82,6
DA:83,6
DA:87,6
DA:88,6
DA:89,6
DA:93,6
DA:95,0
LF:45
LH:38
BRDA:34,0,0,2
BRDA:34,0,1,0
BRDA:73,1,0,6
BRDA:73,1,1,3
BRDA:88,2,0,6
BRDA:88,2,1,0
BRF:6
BRH:4
end_of_record
TN:
SF:src\views\Actions.js
FN:4,(anonymous_0)
FNF:1
FNH:1
FNDA:66,(anonymous_0)
DA:5,66
LF:1
LH:1
BRF:0
BRH:0
end_of_record
TN:
SF:src\views\BillsUI.js
FN:7,(anonymous_0)
FN:22,(anonymous_1)
FN:25,(anonymous_2)
FN:26,(anonymous_3)
FN:31,(anonymous_4)
FN:32,(anonymous_5)
FNF:6
FNH:6
FNDA:64,(anonymous_0)
FNDA:24,(anonymous_1)
FNDA:51,(anonymous_2)
FNDA:64,(anonymous_3)
FNDA:42,(anonymous_4)
FNDA:24,(anonymous_5)
DA:7,6
DA:8,64
DA:22,6
DA:23,24
DA:25,51
DA:26,64
DA:32,42
DA:49,42
DA:50,16
DA:51,26
DA:52,2
DA:55,24
LF:12
LH:12
BRDA:23,0,0,16
BRDA:23,0,1,8
BRDA:23,1,0,24
BRDA:23,1,1,18
BRDA:49,2,0,16
BRDA:49,2,1,26
BRDA:51,3,0,2
BRDA:51,3,1,24
BRF:8
BRH:8
end_of_record
TN:
SF:src\views\DashboardFormUI.js
FN:7,(anonymous_0)
FN:24,(anonymous_1)
FNF:2
FNH:2
FNDA:9,(anonymous_0)
FNDA:9,(anonymous_1)
DA:7,9
DA:26,9
LF:2
LH:2
BRDA:79,0,0,6
BRDA:79,0,1,3
BRDA:92,1,0,6
BRDA:92,1,1,3
BRF:4
BRH:4
end_of_record
TN:
SF:src\views\DashboardUI.js
FN:8,(anonymous_0)
FNF:1
FNH:1
FNDA:21,(anonymous_0)
DA:9,21
DA:10,6
DA:11,15
DA:12,3
DA:15,12
LF:5
LH:5
BRDA:9,0,0,6
BRDA:9,0,1,15
BRDA:11,1,0,3
BRDA:11,1,1,12
BRDA:22,2,0,12
BRDA:22,2,1,7
BRDA:31,3,0,12
BRDA:31,3,1,7
BRDA:40,4,0,12
BRDA:40,4,1,7
BRF:10
BRH:10
end_of_record
TN:
SF:src\views\ErrorPage.js
FN:3,(anonymous_0)
FNF:1
FNH:1
FNDA:7,(anonymous_0)
DA:4,7
LF:1
LH:1
BRDA:12,0,0,6
BRDA:12,0,1,1
BRF:2
BRH:2
end_of_record
TN:
SF:src\views\LoadingPage.js
FN:3,(anonymous_0)
FNF:1
FNH:1
FNDA:23,(anonymous_0)
DA:5,23
LF:1
LH:1
BRF:0
BRH:0
end_of_record
TN:
SF:src\views\LoginUI.js
FN:2,(anonymous_0)
FNF:1
FNH:1
FNDA:20,(anonymous_0)
DA:4,20
LF:1
LH:1
BRF:0
BRH:0
end_of_record
TN:
SF:src\views\NewBillUI.js
FN:3,(anonymous_0)
FNF:1
FNH:1
FNDA:9,(anonymous_0)
DA:4,9
LF:1
LH:1
BRF:0
BRH:0
end_of_record
TN:
SF:src\views\VerticalLayout.js
FN:5,(anonymous_0)
FNF:1
FNH:1
FNDA:76,(anonymous_0)
DA:7,76
DA:8,76
DA:9,64
DA:11,76
DA:12,48
DA:29,28
LF:6
LH:6
BRDA:8,0,0,64
BRDA:8,0,1,12
BRDA:11,1,0,48
BRDA:11,1,1,28
BRDA:11,2,0,76
BRDA:11,2,1,64
BRF:6
BRH:6
end_of_record
